Arguments: 
  /usr/local/bin/node /usr/local/Cellar/yarn/1.22.17/libexec/bin/yarn.js migrate:create --name=usercreate

PATH: 
  /usr/local/bin:/usr/bin:/bin:/usr/sbin:/sbin:/Library/Apple/usr/bin

Yarn version: 
  1.22.17

Node version: 
  12.19.0

Platform: 
  darwin x64

Trace: 
  SyntaxError: /Users/gardenlee/Documents/study/node_with_k8s/node_with_k8s/package.json: Unexpected token / in JSON at position 172
      at JSON.parse (<anonymous>)
      at /usr/local/Cellar/yarn/1.22.17/libexec/lib/cli.js:1625:59
      at Generator.next (<anonymous>)
      at step (/usr/local/Cellar/yarn/1.22.17/libexec/lib/cli.js:310:30)
      at /usr/local/Cellar/yarn/1.22.17/libexec/lib/cli.js:321:13

npm manifest: 
  {
    "name": "node_with_k8s",
    "version": "1.0.0",
    "description": "",
    "main": "index.js",
    "scripts": {
      "test": "echo \"Error: no test specified\" && exit 1",
      // "typeorm": "typeorm-ts-node-esm -d ./config/data-source.ts",
      "server": "tsc && node dist/server.js",
      "db:sync": "typeorm schema:sync",
      "db:migrate:create": "typeorm migration:create -n",
      "db:migrate:revert": "typeorm migration:revert",
      "db:migration": "typeorm migration:run"
    },
    "author": "Garden Lee <prepella3@gmail.com>",
    "license": "ISC",
    "dependencies": {
      "@typegoose/typegoose": "^9.9.0",
      "apollo-server-core": "^3.9.0",
      "apollo-server-express": "^3.9.0",
      "body-parser": "^1.20.0",
      "class-validator": "^0.13.2",
      "compression": "^1.7.4",
      "cors": "^2.8.5",
      "express": "^4.18.1",
      "graphql": "^15.3.0",
      "graphql-depth-limit": "^1.1.0",
      "mongoose": "^6.3.8",
      "morgan": "^1.10.0",
      "mysql": "^2.18.1",
      "reflect-metadata": "^0.1.13",
      "ts-node": "^10.8.1",
      "type-graphql": "^1.1.1",
      "typeorm": "^0.3.6",
      "typescript": "^4.7.3"
    },
    "devDependencies": {
      "@types/compression": "^1.7.2",
      "@types/express": "^4.17.13",
      "@types/graphql-depth-limit": "^1.1.3",
      "@types/morgan": "^1.9.3",
      "@types/node": "^18.0.0"
    },
    "repository": "https://github.com/gar-den/node_with_k8s.git"
  }

yarn manifest: 
  No manifest

Lockfile: 
  No lockfile
